<?xml version="1.0" encoding="UTF-8"?>
<!-- Generated by org.testng.reporters.JUnitXMLReporter -->
<testsuite ignored="4" hostname="LTIN508068" failures="10" tests="20" name="Test search in Edge" time="43.232" errors="0" timestamp="2024-04-13T11:52:02 IST">
  <testcase classname="testScenario.TC_HotelsPage" name="clickonHotelsTestCase" time="0.417"/>
  <testcase classname="testScenario.TC_HotelsPage" name="selectCityTestCase" time="3.365"/>
  <testcase classname="testScenario.TC_HotelsPage" name="selectCheckoutDateTestCase" time="1.802"/>
  <testcase classname="testScenario.TC_HotelsPage" name="clickonTravellerDropDownTestCase" time="0.186"/>
  <testcase classname="testScenario.TC_HotelsPage" name="addTravellersTestCase" time="0.432"/>
  <testcase classname="testScenario.TC_HotelsPage" name="clickonSearchButtonTestCase" time="7.087"/>
  <testcase classname="testScenario.TC_HotelsPage" name="clickonUserRatingTestCase" time="0.367"/>
  <testcase classname="testScenario.TC_HotelsPage" name="selectAllAminitiesTestCase" time="10.392"/>
  <testcase classname="testScenario.TC_HotelsPage" name="displayHotelNamesAndPricesTestCase" time="3.313"/>
  <testcase classname="testScenario.TC_HotelsPage" name="navigateHomepageTestCase" time="1.182"/>
  <testcase classname="testScenario.TC_CruisePage" name="moveToMoreTestCase" time="0.006">
    <failure type="java.lang.IllegalArgumentException" message="Driver must be set">
      <![CDATA[java.lang.IllegalArgumentException: Driver must be set
at org.openqa.selenium.internal.Require.nonNull(Require.java:60)
at org.openqa.selenium.interactions.Actions.<init>(Actions.java:59)
at pageObjects.HomePage.moveToMore(HomePage.java:44)
at testScenario.TC_CruisePage.moveToMoreTestCase(TC_CruisePage.java:21)
at java.base/java.util.ArrayList.forEach(ArrayList.java:1511)
... Removed 27 stack frames]]>
    </failure>
  </testcase> <!-- moveToMoreTestCase -->
  <testcase classname="testScenario.TC_CruisePage" name="selectCruiseFromMoreListTestCase" time="0.002">
    <failure type="java.lang.NullPointerException" message="Cannot invoke &amp;quot;org.openqa.selenium.SearchContext.findElements(org.openqa.selenium.By)&amp;quot; because &amp;quot;this.searchContext&amp;quot; is null">
      <![CDATA[java.lang.NullPointerException: Cannot invoke "org.openqa.selenium.SearchContext.findElements(org.openqa.selenium.By)" because "this.searchContext" is null
at org.openqa.selenium.support.pagefactory.DefaultElementLocator.findElements(DefaultElementLocator.java:83)
at org.openqa.selenium.support.pagefactory.internal.LocatingElementListHandler.invoke(LocatingElementListHandler.java:36)
at jdk.proxy2/jdk.proxy2.$Proxy14.size(Unknown Source)
at pageObjects.HomePage.selectCruiseFromMoreList(HomePage.java:49)
at testScenario.TC_CruisePage.selectCruiseFromMoreListTestCase(TC_CruisePage.java:26)
at java.base/java.util.ArrayList.forEach(ArrayList.java:1511)
... Removed 27 stack frames]]>
    </failure>
  </testcase> <!-- selectCruiseFromMoreListTestCase -->
  <testcase classname="testScenario.TC_CruisePage" name="clickonReadMoreTestCase" time="0.03">
    <failure type="java.lang.IllegalArgumentException" message="Driver must be set">
      <![CDATA[java.lang.IllegalArgumentException: Driver must be set
at org.openqa.selenium.internal.Require.nonNull(Require.java:60)
at org.openqa.selenium.interactions.Actions.<init>(Actions.java:59)
at pageObjects.CruisePage.<init>(CruisePage.java:17)
at testScenario.TC_CruisePage.clickonReadMoreTestCase(TC_CruisePage.java:31)
at java.base/java.util.ArrayList.forEach(ArrayList.java:1511)
... Removed 27 stack frames]]>
    </failure>
  </testcase> <!-- clickonReadMoreTestCase -->
  <testcase classname="testScenario.TC_CruisePage" name="printInclusionPointsTestCase" time="0.002">
    <failure type="java.lang.NullPointerException" message="Cannot invoke &amp;quot;pageObjects.CruisePage.printInclusionPoints()&amp;quot; because &amp;quot;this.cruisepage&amp;quot; is null">
      <![CDATA[java.lang.NullPointerException: Cannot invoke "pageObjects.CruisePage.printInclusionPoints()" because "this.cruisepage" is null
at testScenario.TC_CruisePage.printInclusionPointsTestCase(TC_CruisePage.java:37)
at java.base/java.util.ArrayList.forEach(ArrayList.java:1511)
... Removed 27 stack frames]]>
    </failure>
  </testcase> <!-- printInclusionPointsTestCase -->
  <testcase classname="testScenario.TC_CruisePage" name="navigate2TestCase" time="0.002">
    <failure type="java.lang.NullPointerException" message="Cannot invoke &amp;quot;org.openqa.selenium.WebDriver.navigate()&amp;quot; because &amp;quot;this.driver&amp;quot; is null">
      <![CDATA[java.lang.NullPointerException: Cannot invoke "org.openqa.selenium.WebDriver.navigate()" because "this.driver" is null
at testScenario.TC_CruisePage.navigate2TestCase(TC_CruisePage.java:44)
at java.base/java.util.ArrayList.forEach(ArrayList.java:1511)
... Removed 27 stack frames]]>
    </failure>
  </testcase> <!-- navigate2TestCase -->
  <testcase classname="testScenario.TC_GiftVoucherPage" name="moveToMore2TestCase" time="0.003">
    <failure type="java.lang.IllegalArgumentException" message="Driver must be set">
      <![CDATA[java.lang.IllegalArgumentException: Driver must be set
at org.openqa.selenium.internal.Require.nonNull(Require.java:60)
at org.openqa.selenium.interactions.Actions.<init>(Actions.java:59)
at pageObjects.HomePage.moveToMore(HomePage.java:44)
at testScenario.TC_GiftVoucherPage.moveToMore2TestCase(TC_GiftVoucherPage.java:21)
at java.base/java.util.ArrayList.forEach(ArrayList.java:1511)
... Removed 27 stack frames]]>
    </failure>
  </testcase> <!-- moveToMore2TestCase -->
  <testcase classname="testScenario.TC_GiftVoucherPage" name="selectGiftFromMoreListTestCase" time="0.002">
    <failure type="java.lang.IllegalArgumentException" message="Driver must be set">
      <![CDATA[java.lang.IllegalArgumentException: Driver must be set
at org.openqa.selenium.internal.Require.nonNull(Require.java:60)
at org.openqa.selenium.interactions.Actions.<init>(Actions.java:59)
at pageObjects.HomePage.selectGiftFromMoreList(HomePage.java:59)
at testScenario.TC_GiftVoucherPage.selectGiftFromMoreListTestCase(TC_GiftVoucherPage.java:26)
at java.base/java.util.ArrayList.forEach(ArrayList.java:1511)
... Removed 27 stack frames]]>
    </failure>
  </testcase> <!-- selectGiftFromMoreListTestCase -->
  <testcase classname="testScenario.TC_GiftVoucherPage" name="switchToGiftVoucherTestCase" time="0.006">
    <failure type="java.lang.NullPointerException" message="Cannot invoke &amp;quot;org.openqa.selenium.WebDriver.getWindowHandles()&amp;quot; because &amp;quot;this.driver&amp;quot; is null">
      <![CDATA[java.lang.NullPointerException: Cannot invoke "org.openqa.selenium.WebDriver.getWindowHandles()" because "this.driver" is null
at pageObjects.HomePage.switchToGiftVoucher(HomePage.java:69)
at testScenario.TC_GiftVoucherPage.switchToGiftVoucherTestCase(TC_GiftVoucherPage.java:31)
at java.base/java.util.ArrayList.forEach(ArrayList.java:1511)
... Removed 27 stack frames]]>
    </failure>
  </testcase> <!-- switchToGiftVoucherTestCase -->
  <testcase classname="testScenario.TC_GiftVoucherPage" name="checkForPhoneToolTipTestCase" time="0.031">
    <failure type="java.lang.NullPointerException" message="Cannot invoke &amp;quot;org.openqa.selenium.JavascriptExecutor.executeScript(String, Object[])&amp;quot; because &amp;quot;js&amp;quot; is null">
      <![CDATA[java.lang.NullPointerException: Cannot invoke "org.openqa.selenium.JavascriptExecutor.executeScript(String, Object[])" because "js" is null
at pageObjects.GiftVoucherPage.checkForPhoneToolTip(GiftVoucherPage.java:31)
at testScenario.TC_GiftVoucherPage.checkForPhoneToolTipTestCase(TC_GiftVoucherPage.java:37)
at java.base/java.util.ArrayList.forEach(ArrayList.java:1511)
... Removed 27 stack frames]]>
    </failure>
  </testcase> <!-- checkForPhoneToolTipTestCase -->
  <testcase classname="testScenario.TC_GiftVoucherPage" name="checkForEmailToolTipTestCase" time="0.002">
    <failure type="java.lang.IllegalArgumentException" message="Driver must be set">
      <![CDATA[java.lang.IllegalArgumentException: Driver must be set
at org.openqa.selenium.internal.Require.nonNull(Require.java:60)
at org.openqa.selenium.interactions.Actions.<init>(Actions.java:59)
at pageObjects.GiftVoucherPage.checkForEmailToolTip(GiftVoucherPage.java:46)
at testScenario.TC_GiftVoucherPage.checkForEmailToolTipTestCase(TC_GiftVoucherPage.java:42)
at java.base/java.util.ArrayList.forEach(ArrayList.java:1511)
... Removed 27 stack frames]]>
    </failure>
  </testcase> <!-- checkForEmailToolTipTestCase -->
  <testcase classname="testBase.BaseClass" name="@AfterTest driverTearDown" time="0.0">
    <ignored/>
  </testcase> <!-- @AfterTest driverTearDown -->
  <testcase classname="testBase.BaseClass" name="@BeforeTest setup" time="0.0">
    <ignored/>
  </testcase> <!-- @BeforeTest setup -->
  <testcase classname="testBase.BaseClass" name="@BeforeTest setup" time="0.0">
    <ignored/>
  </testcase> <!-- @BeforeTest setup -->
  <testcase classname="testBase.BaseClass" name="@AfterTest driverTearDown" time="0.0">
    <ignored/>
  </testcase> <!-- @AfterTest driverTearDown -->
</testsuite> <!-- Test search in Edge -->
