<?xml version="1.0" encoding="UTF-8"?>
<!-- Generated by org.testng.reporters.JUnitXMLReporter -->
<testsuite ignored="0" hostname="LTIN508068" failures="0" tests="20" name="Test search in Chrome" time="80.1" errors="0" timestamp="2024-04-17T20:34:03 IST">
  <testcase classname="testScenario.TC_HotelsPage" name="clickonHotelsTestCase" time="4.088"/>
  <testcase classname="testScenario.TC_HotelsPage" name="selectCityTestCase" time="3.265"/>
  <testcase classname="testScenario.TC_HotelsPage" name="selectCheckoutDateTestCase" time="0.645"/>
  <testcase classname="testScenario.TC_HotelsPage" name="clickonTravellerDropDownTestCase" time="0.059"/>
  <testcase classname="testScenario.TC_HotelsPage" name="addTravellersTestCase" time="0.123"/>
  <testcase classname="testScenario.TC_HotelsPage" name="clickonSearchButtonTestCase" time="5.393"/>
  <testcase classname="testScenario.TC_HotelsPage" name="clickonUserRatingTestCase" time="0.155"/>
  <testcase classname="testScenario.TC_HotelsPage" name="selectAllAminitiesTestCase" time="10.014"/>
  <testcase classname="testScenario.TC_HotelsPage" name="displayHotelNamesAndPricesTestCase" time="3.166"/>
  <testcase classname="testScenario.TC_HotelsPage" name="navigateHomepageTestCase" time="0.736"/>
  <testcase classname="testScenario.TC_CruisePage" name="moveToMoreTestCase" time="0.15"/>
  <testcase classname="testScenario.TC_CruisePage" name="selectCruiseFromMoreListTestCase" time="0.546"/>
  <testcase classname="testScenario.TC_CruisePage" name="clickonReadMoreTestCase" time="1.846"/>
  <testcase classname="testScenario.TC_CruisePage" name="printInclusionPointsTestCase" time="0.035"/>
  <testcase classname="testScenario.TC_CruisePage" name="navigate2TestCase" time="1.845"/>
  <testcase classname="testScenario.TC_GiftVoucherPage" name="moveToMore2TestCase" time="0.148"/>
  <testcase classname="testScenario.TC_GiftVoucherPage" name="selectGiftFromMoreListTestCase" time="1.016"/>
  <testcase classname="testScenario.TC_GiftVoucherPage" name="switchToGiftVoucherTestCase" time="0.035"/>
  <testcase classname="testScenario.TC_GiftVoucherPage" name="checkForPhoneToolTipTestCase" time="1.952"/>
  <testcase classname="testScenario.TC_GiftVoucherPage" name="checkForEmailToolTipTestCase" time="1.65"/>
</testsuite> <!-- Test search in Chrome -->
