<?xml version="1.0" encoding="UTF-8"?>
<testng-results ignored="0" total="20" passed="20" failed="0" skipped="0">
  <reporter-output>
  </reporter-output>
  <suite started-at="2024-04-15T15:10:48 IST" name="Suite" finished-at="2024-04-15T15:12:00 IST" duration-ms="72325">
    <groups>
    </groups>
    <test started-at="2024-04-15T15:10:48 IST" name="Test search in Chrome" finished-at="2024-04-15T15:12:00 IST" duration-ms="72325">
      <class name="testScenario.TC_CruisePage">
        <test-method is-config="true" signature="setup(java.lang.String)[pri:0, instance:testScenario.TC_CruisePage@4d6025c5]" started-at="2024-04-15T15:11:29 IST" name="setup" finished-at="2024-04-15T15:11:40 IST" duration-ms="10593" status="PASS">
          <params>
            <param index="0">
              <value>
                <![CDATA[chrome]]>
              </value>
            </param>
          </params>
          <reporter-output>
          </reporter-output>
        </test-method> <!-- setup -->
        <test-method signature="moveToMoreTestCase()[pri:1, instance:testScenario.TC_CruisePage@4d6025c5]" started-at="2024-04-15T15:11:40 IST" name="moveToMoreTestCase" finished-at="2024-04-15T15:11:40 IST" duration-ms="161" status="PASS">
          <reporter-output>
          </reporter-output>
        </test-method> <!-- moveToMoreTestCase -->
        <test-method signature="selectCruiseFromMoreListTestCase()[pri:2, instance:testScenario.TC_CruisePage@4d6025c5]" started-at="2024-04-15T15:11:40 IST" name="selectCruiseFromMoreListTestCase" finished-at="2024-04-15T15:11:41 IST" duration-ms="725" status="PASS">
          <reporter-output>
          </reporter-output>
        </test-method> <!-- selectCruiseFromMoreListTestCase -->
        <test-method signature="clickonReadMoreTestCase()[pri:3, instance:testScenario.TC_CruisePage@4d6025c5]" started-at="2024-04-15T15:11:41 IST" name="clickonReadMoreTestCase" finished-at="2024-04-15T15:11:42 IST" duration-ms="1783" status="PASS">
          <reporter-output>
          </reporter-output>
        </test-method> <!-- clickonReadMoreTestCase -->
        <test-method signature="printInclusionPointsTestCase()[pri:5, instance:testScenario.TC_CruisePage@4d6025c5]" started-at="2024-04-15T15:11:42 IST" name="printInclusionPointsTestCase" finished-at="2024-04-15T15:11:43 IST" duration-ms="154" status="PASS">
          <reporter-output>
          </reporter-output>
        </test-method> <!-- printInclusionPointsTestCase -->
        <test-method signature="navigate2TestCase()[pri:6, instance:testScenario.TC_CruisePage@4d6025c5]" started-at="2024-04-15T15:11:43 IST" name="navigate2TestCase" finished-at="2024-04-15T15:11:44 IST" duration-ms="1432" status="PASS">
          <reporter-output>
          </reporter-output>
        </test-method> <!-- navigate2TestCase -->
        <test-method is-config="true" signature="tearDown()[pri:0, instance:testScenario.TC_CruisePage@4d6025c5]" started-at="2024-04-15T15:11:44 IST" name="tearDown" finished-at="2024-04-15T15:11:46 IST" duration-ms="1890" status="PASS">
          <reporter-output>
          </reporter-output>
        </test-method> <!-- tearDown -->
      </class> <!-- testScenario.TC_CruisePage -->
      <class name="testScenario.TC_HotelsPage">
        <test-method is-config="true" signature="setup(java.lang.String)[pri:0, instance:testScenario.TC_HotelsPage@3fce8fd9]" started-at="2024-04-15T15:10:48 IST" name="setup" finished-at="2024-04-15T15:10:57 IST" duration-ms="9047" status="PASS">
          <params>
            <param index="0">
              <value>
                <![CDATA[chrome]]>
              </value>
            </param>
          </params>
          <reporter-output>
          </reporter-output>
        </test-method> <!-- setup -->
        <test-method signature="clickonHotelsTestCase()[pri:0, instance:testScenario.TC_HotelsPage@3fce8fd9]" started-at="2024-04-15T15:10:57 IST" name="clickonHotelsTestCase" finished-at="2024-04-15T15:10:57 IST" duration-ms="185" status="PASS">
          <reporter-output>
          </reporter-output>
        </test-method> <!-- clickonHotelsTestCase -->
        <test-method signature="selectCityTestCase()[pri:1, instance:testScenario.TC_HotelsPage@3fce8fd9]" started-at="2024-04-15T15:10:57 IST" name="selectCityTestCase" finished-at="2024-04-15T15:11:01 IST" duration-ms="3333" status="PASS">
          <reporter-output>
          </reporter-output>
        </test-method> <!-- selectCityTestCase -->
        <test-method signature="selectCheckoutDateTestCase()[pri:2, instance:testScenario.TC_HotelsPage@3fce8fd9]" started-at="2024-04-15T15:11:01 IST" name="selectCheckoutDateTestCase" finished-at="2024-04-15T15:11:02 IST" duration-ms="807" status="PASS">
          <reporter-output>
          </reporter-output>
        </test-method> <!-- selectCheckoutDateTestCase -->
        <test-method signature="clickonTravellerDropDownTestCase()[pri:3, instance:testScenario.TC_HotelsPage@3fce8fd9]" started-at="2024-04-15T15:11:02 IST" name="clickonTravellerDropDownTestCase" finished-at="2024-04-15T15:11:02 IST" duration-ms="97" status="PASS">
          <reporter-output>
          </reporter-output>
        </test-method> <!-- clickonTravellerDropDownTestCase -->
        <test-method signature="addTravellersTestCase()[pri:4, instance:testScenario.TC_HotelsPage@3fce8fd9]" started-at="2024-04-15T15:11:02 IST" name="addTravellersTestCase" finished-at="2024-04-15T15:11:02 IST" duration-ms="146" status="PASS">
          <reporter-output>
          </reporter-output>
        </test-method> <!-- addTravellersTestCase -->
        <test-method signature="clickonSearchButtonTestCase()[pri:5, instance:testScenario.TC_HotelsPage@3fce8fd9]" started-at="2024-04-15T15:11:02 IST" name="clickonSearchButtonTestCase" finished-at="2024-04-15T15:11:10 IST" duration-ms="8339" status="PASS">
          <reporter-output>
          </reporter-output>
        </test-method> <!-- clickonSearchButtonTestCase -->
        <test-method signature="clickonUserRatingTestCase()[pri:6, instance:testScenario.TC_HotelsPage@3fce8fd9]" started-at="2024-04-15T15:11:10 IST" name="clickonUserRatingTestCase" finished-at="2024-04-15T15:11:10 IST" duration-ms="311" status="PASS">
          <reporter-output>
          </reporter-output>
        </test-method> <!-- clickonUserRatingTestCase -->
        <test-method signature="selectAllAminitiesTestCase()[pri:7, instance:testScenario.TC_HotelsPage@3fce8fd9]" started-at="2024-04-15T15:11:10 IST" name="selectAllAminitiesTestCase" finished-at="2024-04-15T15:11:22 IST" duration-ms="11799" status="PASS">
          <reporter-output>
          </reporter-output>
        </test-method> <!-- selectAllAminitiesTestCase -->
        <test-method signature="displayHotelNamesAndPricesTestCase()[pri:8, instance:testScenario.TC_HotelsPage@3fce8fd9]" started-at="2024-04-15T15:11:22 IST" name="displayHotelNamesAndPricesTestCase" finished-at="2024-04-15T15:11:26 IST" duration-ms="3273" status="PASS">
          <reporter-output>
          </reporter-output>
        </test-method> <!-- displayHotelNamesAndPricesTestCase -->
        <test-method signature="navigateHomepageTestCase()[pri:10, instance:testScenario.TC_HotelsPage@3fce8fd9]" started-at="2024-04-15T15:11:26 IST" name="navigateHomepageTestCase" finished-at="2024-04-15T15:11:27 IST" duration-ms="937" status="PASS">
          <reporter-output>
          </reporter-output>
        </test-method> <!-- navigateHomepageTestCase -->
        <test-method is-config="true" signature="tearDown()[pri:0, instance:testScenario.TC_HotelsPage@3fce8fd9]" started-at="2024-04-15T15:11:27 IST" name="tearDown" finished-at="2024-04-15T15:11:29 IST" duration-ms="2662" status="PASS">
          <reporter-output>
          </reporter-output>
        </test-method> <!-- tearDown -->
      </class> <!-- testScenario.TC_HotelsPage -->
      <class name="testScenario.TC_GiftVoucherPage">
        <test-method is-config="true" signature="setup(java.lang.String)[pri:0, instance:testScenario.TC_GiftVoucherPage@7f284218]" started-at="2024-04-15T15:11:46 IST" name="setup" finished-at="2024-04-15T15:11:53 IST" duration-ms="7326" status="PASS">
          <params>
            <param index="0">
              <value>
                <![CDATA[chrome]]>
              </value>
            </param>
          </params>
          <reporter-output>
          </reporter-output>
        </test-method> <!-- setup -->
        <test-method signature="moveToMore2TestCase()[pri:17, instance:testScenario.TC_GiftVoucherPage@7f284218]" started-at="2024-04-15T15:11:53 IST" name="moveToMore2TestCase" finished-at="2024-04-15T15:11:53 IST" duration-ms="139" status="PASS">
          <reporter-output>
          </reporter-output>
        </test-method> <!-- moveToMore2TestCase -->
        <test-method signature="selectGiftFromMoreListTestCase()[pri:18, instance:testScenario.TC_GiftVoucherPage@7f284218]" started-at="2024-04-15T15:11:53 IST" name="selectGiftFromMoreListTestCase" finished-at="2024-04-15T15:11:54 IST" duration-ms="1068" status="PASS">
          <reporter-output>
          </reporter-output>
        </test-method> <!-- selectGiftFromMoreListTestCase -->
        <test-method signature="switchToGiftVoucherTestCase()[pri:19, instance:testScenario.TC_GiftVoucherPage@7f284218]" started-at="2024-04-15T15:11:54 IST" name="switchToGiftVoucherTestCase" finished-at="2024-04-15T15:11:55 IST" duration-ms="172" status="PASS">
          <reporter-output>
          </reporter-output>
        </test-method> <!-- switchToGiftVoucherTestCase -->
        <test-method signature="checkForPhoneToolTipTestCase()[pri:21, instance:testScenario.TC_GiftVoucherPage@7f284218]" started-at="2024-04-15T15:11:55 IST" name="checkForPhoneToolTipTestCase" finished-at="2024-04-15T15:11:57 IST" duration-ms="2009" status="PASS">
          <reporter-output>
          </reporter-output>
        </test-method> <!-- checkForPhoneToolTipTestCase -->
        <test-method signature="checkForEmailToolTipTestCase()[pri:22, instance:testScenario.TC_GiftVoucherPage@7f284218]" started-at="2024-04-15T15:11:57 IST" name="checkForEmailToolTipTestCase" finished-at="2024-04-15T15:11:58 IST" duration-ms="1645" status="PASS">
          <reporter-output>
          </reporter-output>
        </test-method> <!-- checkForEmailToolTipTestCase -->
        <test-method is-config="true" signature="tearDown()[pri:0, instance:testScenario.TC_GiftVoucherPage@7f284218]" started-at="2024-04-15T15:11:58 IST" name="tearDown" finished-at="2024-04-15T15:12:00 IST" duration-ms="2197" status="PASS">
          <reporter-output>
          </reporter-output>
        </test-method> <!-- tearDown -->
      </class> <!-- testScenario.TC_GiftVoucherPage -->
    </test> <!-- Test search in Chrome -->
  </suite> <!-- Suite -->
</testng-results>
