<?xml version="1.0" encoding="UTF-8"?>
<testng-results ignored="0" total="3" passed="3" failed="0" skipped="0">
  <reporter-output>
  </reporter-output>
  <suite started-at="2024-04-17T15:43:08 IST" name="Suite" finished-at="2024-04-17T15:44:34 IST" duration-ms="85624">
    <groups>
      <group name="cucumber">
        <method signature="AbstractTestNGCucumberTests.runScenario(io.cucumber.testng.PickleWrapper,io.cucumber.testng.FeatureWrapper)[pri:0, instance:testrunner.TestRunner@38467116]" name="runScenario" class="io.cucumber.testng.AbstractTestNGCucumberTests"/>
      </group> <!-- cucumber -->
    </groups>
    <test started-at="2024-04-17T15:43:08 IST" name="Test search in Chrome" finished-at="2024-04-17T15:44:34 IST" duration-ms="85624">
      <class name="testrunner.TestRunner">
        <test-method is-config="true" signature="setUpClass(org.testng.ITestContext)[pri:0, instance:testrunner.TestRunner@38467116]" started-at="2024-04-17T15:43:08 IST" name="setUpClass" finished-at="2024-04-17T15:43:09 IST" duration-ms="983" status="PASS">
          <params>
            <param index="0">
              <value>
                <![CDATA[org.testng.TestRunner@8afce3]]>
              </value>
            </param>
          </params>
          <reporter-output>
          </reporter-output>
        </test-method> <!-- setUpClass -->
        <test-method signature="runScenario(io.cucumber.testng.PickleWrapper,io.cucumber.testng.FeatureWrapper)[pri:0, instance:testrunner.TestRunner@38467116]" started-at="2024-04-17T15:43:09 IST" name="runScenario" description="Runs Cucumber Scenarios" data-provider="scenarios" finished-at="2024-04-17T15:43:57 IST" duration-ms="47265" status="PASS">
          <params>
            <param index="0">
              <value>
                <![CDATA["Display top rated hotels with specific amenities"]]>
              </value>
            </param>
            <param index="1">
              <value>
                <![CDATA["Hotel and Cruise Booking and Gift Voucher Validation"]]>
              </value>
            </param>
          </params>
          <reporter-output>
          </reporter-output>
        </test-method> <!-- runScenario -->
        <test-method signature="runScenario(io.cucumber.testng.PickleWrapper,io.cucumber.testng.FeatureWrapper)[pri:0, instance:testrunner.TestRunner@38467116]" started-at="2024-04-17T15:43:57 IST" name="runScenario" description="Runs Cucumber Scenarios" data-provider="scenarios" finished-at="2024-04-17T15:44:15 IST" duration-ms="18529" status="PASS">
          <params>
            <param index="0">
              <value>
                <![CDATA["Retrieve cruise line inclusion points"]]>
              </value>
            </param>
            <param index="1">
              <value>
                <![CDATA["Cruise Line Inclusion Points Retrieval As a user, I want to retrieve all inclusion points of a cruise line"]]>
              </value>
            </param>
          </params>
          <reporter-output>
          </reporter-output>
        </test-method> <!-- runScenario -->
        <test-method signature="runScenario(io.cucumber.testng.PickleWrapper,io.cucumber.testng.FeatureWrapper)[pri:0, instance:testrunner.TestRunner@38467116]" started-at="2024-04-17T15:44:15 IST" name="runScenario" description="Runs Cucumber Scenarios" data-provider="scenarios" finished-at="2024-04-17T15:44:34 IST" duration-ms="18539" status="PASS">
          <params>
            <param index="0">
              <value>
                <![CDATA["Validate gift voucher form with invalid data"]]>
              </value>
            </param>
            <param index="1">
              <value>
                <![CDATA["alidate Gift Voucher Form As a user, I want to ensure that the gift voucher form correctly handles invalid data"]]>
              </value>
            </param>
          </params>
          <reporter-output>
          </reporter-output>
        </test-method> <!-- runScenario -->
        <test-method is-config="true" signature="tearDownClass()[pri:0, instance:testrunner.TestRunner@38467116]" started-at="2024-04-17T15:44:34 IST" name="tearDownClass" finished-at="2024-04-17T15:44:34 IST" duration-ms="257" status="PASS">
          <reporter-output>
          </reporter-output>
        </test-method> <!-- tearDownClass -->
      </class> <!-- testrunner.TestRunner -->
    </test> <!-- Test search in Chrome -->
  </suite> <!-- Suite -->
</testng-results>
